TN:
SF:src/logging-espree.js
FN:12,transpile
FN:23,addLogging
FN:26,(anonymous_2)
FN:43,addBeforeCode
FN:47,(anonymous_4)
FNF:5
FNH:5
FNDA:1,transpile
FNDA:6,addLogging
FNDA:291,(anonymous_2)
FNDA:12,addBeforeCode
FNDA:15,(anonymous_4)
DA:13,1
DA:14,1
DA:24,6
DA:25,6
DA:27,291
DA:30,12
DA:34,6
DA:44,12
DA:45,12
DA:46,12
DA:47,15
DA:50,12
DA:51,12
DA:52,12
DA:53,12
LF:15
LH:15
BRDA:27,0,0,12
BRDA:27,0,1,279
BRDA:27,1,0,291
BRDA:27,1,1,287
BRDA:27,1,2,281
BRDA:44,2,0,4
BRDA:44,2,1,8
BRDA:44,3,0,3
BRDA:44,3,1,5
BRDA:46,4,0,10
BRDA:46,4,1,2
BRF:11
BRH:11
end_of_record
