<?xml version="1.0" encoding="UTF-8"?>
<coverage generated="1677789820861" clover="3.2.0">
  <project timestamp="1677789820861" name="All files">
    <metrics statements="15" coveredstatements="15" conditionals="11" coveredconditionals="11" methods="5" coveredmethods="5" elements="31" coveredelements="31" complexity="0" loc="15" ncloc="15" packages="1" files="1" classes="1"/>
    <file name="logging-espree.js" path="/mnt/c/Users/Jow/Documents/.Uni/Tercero/PL/espree_loggin/src/logging-espree.js">
      <metrics statements="15" coveredstatements="15" conditionals="11" coveredconditionals="11" methods="5" coveredmethods="5"/>
      <line num="13" count="1" type="stmt"/>
      <line num="14" count="1" type="stmt"/>
      <line num="24" count="6" type="stmt"/>
      <line num="25" count="6" type="stmt"/>
      <line num="27" count="291" type="cond" truecount="5" falsecount="0"/>
      <line num="30" count="12" type="stmt"/>
      <line num="34" count="6" type="stmt"/>
      <line num="44" count="12" type="cond" truecount="4" falsecount="0"/>
      <line num="45" count="12" type="stmt"/>
      <line num="46" count="12" type="cond" truecount="2" falsecount="0"/>
      <line num="47" count="15" type="stmt"/>
      <line num="50" count="12" type="stmt"/>
      <line num="51" count="12" type="stmt"/>
      <line num="52" count="12" type="stmt"/>
      <line num="53" count="12" type="stmt"/>
    </file>
  </project>
</coverage>
