{"/mnt/c/Users/Jow/Documents/.Uni/Tercero/PL/espree_loggin/src/logging-espree.js": {"path":"/mnt/c/Users/Jow/Documents/.Uni/Tercero/PL/espree_loggin/src/logging-espree.js","statementMap":{"0":{"start":{"line":13,"column":19},"end":{"line":13,"column":54}},"1":{"start":{"line":14,"column":2},"end":{"line":14,"column":55}},"2":{"start":{"line":24,"column":14},"end":{"line":24,"column":62}},"3":{"start":{"line":25,"column":2},"end":{"line":33,"column":5}},"4":{"start":{"line":27,"column":6},"end":{"line":31,"column":7}},"5":{"start":{"line":30,"column":8},"end":{"line":30,"column":36}},"6":{"start":{"line":34,"column":2},"end":{"line":34,"column":33}},"7":{"start":{"line":44,"column":13},"end":{"line":44,"column":89}},"8":{"start":{"line":45,"column":15},"end":{"line":45,"column":17}},"9":{"start":{"line":46,"column":2},"end":{"line":48,"column":3}},"10":{"start":{"line":47,"column":4},"end":{"line":47,"column":77}},"11":{"start":{"line":47,"column":45},"end":{"line":47,"column":55}},"12":{"start":{"line":50,"column":16},"end":{"line":50,"column":35}},"13":{"start":{"line":51,"column":21},"end":{"line":51,"column":98}},"14":{"start":{"line":52,"column":22},"end":{"line":52,"column":70}},"15":{"start":{"line":53,"column":1},"end":{"line":53,"column":53}}},"fnMap":{"0":{"name":"transpile","decl":{"start":{"line":12,"column":22},"end":{"line":12,"column":31}},"loc":{"start":{"line":12,"column":55},"end":{"line":15,"column":1}},"line":12},"1":{"name":"addLogging","decl":{"start":{"line":23,"column":16},"end":{"line":23,"column":26}},"loc":{"start":{"line":23,"column":33},"end":{"line":35,"column":1}},"line":23},"2":{"name":"(anonymous_2)","decl":{"start":{"line":26,"column":11},"end":{"line":26,"column":12}},"loc":{"start":{"line":26,"column":35},"end":{"line":32,"column":5}},"line":26},"3":{"name":"addBeforeCode","decl":{"start":{"line":43,"column":9},"end":{"line":43,"column":22}},"loc":{"start":{"line":43,"column":37},"end":{"line":54,"column":1}},"line":43},"4":{"name":"(anonymous_4)","decl":{"start":{"line":47,"column":36},"end":{"line":47,"column":37}},"loc":{"start":{"line":47,"column":45},"end":{"line":47,"column":55}},"line":47}},"branchMap":{"0":{"loc":{"start":{"line":27,"column":6},"end":{"line":31,"column":7}},"type":"if","locations":[{"start":{"line":27,"column":6},"end":{"line":31,"column":7}},{"start":{},"end":{}}],"line":27},"1":{"loc":{"start":{"line":27,"column":10},"end":{"line":29,"column":49}},"type":"binary-expr","locations":[{"start":{"line":27,"column":10},"end":{"line":27,"column":45}},{"start":{"line":28,"column":10},"end":{"line":28,"column":44}},{"start":{"line":29,"column":10},"end":{"line":29,"column":49}}],"line":27},"2":{"loc":{"start":{"line":44,"column":13},"end":{"line":44,"column":89}},"type":"cond-expr","locations":[{"start":{"line":44,"column":23},"end":{"line":44,"column":35}},{"start":{"line":44,"column":38},"end":{"line":44,"column":89}}],"line":44},"3":{"loc":{"start":{"line":44,"column":38},"end":{"line":44,"column":89}},"type":"cond-expr","locations":[{"start":{"line":44,"column":50},"end":{"line":44,"column":64}},{"start":{"line":44,"column":67},"end":{"line":44,"column":89}}],"line":44},"4":{"loc":{"start":{"line":46,"column":2},"end":{"line":48,"column":3}},"type":"if","locations":[{"start":{"line":46,"column":2},"end":{"line":48,"column":3}},{"start":{},"end":{}}],"line":46}},"s":{"0":1,"1":1,"2":6,"3":6,"4":291,"5":12,"6":6,"7":12,"8":12,"9":12,"10":10,"11":15,"12":12,"13":12,"14":12,"15":12},"f":{"0":1,"1":6,"2":291,"3":12,"4":15},"b":{"0":[12,279],"1":[291,287,281],"2":[4,8],"3":[3,5],"4":[10,2]},"_coverageSchema":"1a1c01bbd47fc00a2c39e90264f33305004495a9","hash":"a576d2e23f1a100c7daa97a9c1026425ada8422b"}
}
